Already up to date.
         used (Mb) gc trigger (Mb) max used (Mb)
Ncells 273710 14.7     660900 35.3   451920 24.2
Vcells 459112  3.6    8388608 64.0  1800272 13.8
          used (Mb) gc trigger  (Mb) max used  (Mb)
Ncells 1409137 75.3    2285542 122.1  2285542 122.1
Vcells 2470175 18.9    8388608  64.0  4295196  32.8
         used (Mb) gc trigger (Mb) max used (Mb)
Ncells 273710 14.7     660900 35.3   451920 24.2
Vcells 459112  3.6    8388608 64.0  1800272 13.8
          used (Mb) gc trigger  (Mb) max used  (Mb)
Ncells 1298250 69.4    2327831 124.4  2327831 124.4
Vcells 2699445 20.6    8388608  64.0  8382806  64.0
Already up to date.
[main 3db9f0e1] PHF & NHL Play-by-Play and Schedules update (Start: 2023 End: 2023)
 49 files changed, 44 insertions(+), 4 deletions(-)
 create mode 100644 nhl/json/2022020196.json
 create mode 100644 nhl/json/2022020197.json
 create mode 100644 nhl/json/2022020198.json
 create mode 100644 nhl/json/2022020199.json
 create mode 100644 nhl/json/2022020200.json
 create mode 100644 nhl/json/2022020201.json
 create mode 100644 nhl/json/2022020202.json
 create mode 100644 nhl/json/2022020203.json
 create mode 100644 nhl/json/2022020204.json
 create mode 100644 nhl/json/2022020205.json
 rewrite nhl/nhl_games_in_data_repo.qs (86%)
 rewrite nhl/pbp/qs/play_by_play_2023.qs (72%)
 rewrite nhl/pbp/rds/play_by_play_2023.rds (73%)
 rewrite nhl/player_box/csv/player_box_2023.csv.gz (95%)
 rewrite nhl/player_box/parquet/player_box_2023.parquet (91%)
 rewrite nhl/player_box/qs/player_box_2023.qs (97%)
 rewrite nhl/player_box/rds/player_box_2023.rds (97%)
 rewrite nhl/schedules/parquet/nhl_schedule_2023.parquet (69%)
 rewrite nhl/schedules/qs/nhl_schedule_2023.qs (99%)
 rewrite nhl/schedules/rds/nhl_schedule_2023.rds (100%)
 rewrite nhl/team_box/csv/team_box_2023.csv.gz (98%)
 rewrite nhl/team_box/parquet/team_box_2023.parquet (73%)
 rewrite nhl/team_box/qs/team_box_2023.qs (99%)
 rewrite nhl/team_box/rds/team_box_2023.rds (100%)
 rewrite nhl_schedule_master.qs (90%)
 rewrite phf/pbp/rds/play_by_play_2023.rds (80%)
 rewrite phf/player_box/rds/player_box_2023.rds (100%)
 rewrite phf/schedules/rds/phf_schedule_2023.rds (100%)
 rewrite phf/team_box/qs/team_box_2023.qs (75%)
 rewrite phf/team_box/rds/team_box_2023.rds (100%)
Already up to date.
