Already up to date.
Already up to date.
[main b6feaba13] PHF Play-by-Play and Schedules update (Start: 2023 End: 2023)
 32 files changed, 718 insertions(+), 529 deletions(-)
 rewrite daily_phf.out (96%)
 create mode 100644 phf/json/585648.json
 rewrite phf/pbp/parquet/play_by_play_2023.parquet (70%)
 rewrite phf/pbp/qs/play_by_play_2023.qs (97%)
 rewrite phf/pbp/rds/play_by_play_2023.rds (97%)
 rewrite phf/phf_games_in_data_repo.parquet (65%)
 rewrite phf/phf_games_in_data_repo.qs (99%)
 rewrite phf/player_box/parquet/player_box_2023.parquet (81%)
 rewrite phf/player_box/qs/player_box_2023.qs (99%)
 rewrite phf/player_box/rds/player_box_2023.rds (98%)
 rewrite phf/rosters/csv/rosters_2023.csv.gz (91%)
 rewrite phf/rosters/parquet/rosters_2023.parquet (63%)
 rewrite phf/rosters/qs/rosters_2023.qs (99%)
 rewrite phf/rosters/rds/rosters_2023.rds (100%)
 rewrite phf/schedules/parquet/phf_schedule_2023.parquet (60%)
 rewrite phf/schedules/qs/phf_schedule_2023.qs (99%)
 rewrite phf/schedules/rds/phf_schedule_2023.rds (99%)
 rewrite phf/team_box/qs/team_box_2023.qs (99%)
 rewrite phf/team_box/rds/team_box_2023.rds (100%)
 rewrite phf_schedule_master.parquet (64%)
 rewrite phf_schedule_master.qs (99%)
Already up to date.
