Already up to date.
         used (Mb) gc trigger (Mb) max used (Mb)
Ncells 273710 14.7     660900 35.3   451920 24.2
Vcells 459112  3.6    8388608 64.0  1800272 13.8
          used (Mb) gc trigger  (Mb) max used (Mb)
Ncells 1322664 70.7    2339857 125.0  2339857  125
Vcells 2747038 21.0   12100283  92.4 11395484   87
Already up to date.
[main 87ee576c] NHL Play-by-Play and Schedules update (Start: 2023 End: 2023)
 43 files changed, 81 insertions(+), 33 deletions(-)
 rewrite daily_nhl.out (89%)
 create mode 100644 nhl/json/2022020303.json
 create mode 100644 nhl/json/2022020304.json
 create mode 100644 nhl/json/2022020305.json
 create mode 100644 nhl/json/2022020306.json
 create mode 100644 nhl/json/2022020307.json
 create mode 100644 nhl/json/2022020308.json
 create mode 100644 nhl/json/2022020309.json
 create mode 100644 nhl/json/2022020310.json
 create mode 100644 nhl/json/2022020311.json
 create mode 100644 nhl/json/2022020312.json
 create mode 100644 nhl/json/2022020313.json
 create mode 100644 nhl/json/2022020314.json
 create mode 100644 nhl/json/2022020315.json
 create mode 100644 nhl/json/2022020316.json
 create mode 100644 nhl/json/2022020317.json
 rewrite nhl/nhl_games_in_data_repo.qs (86%)
 rewrite nhl/pbp/csv/play_by_play_2023.csv.gz (61%)
 rewrite nhl/pbp/qs/play_by_play_2023.qs (62%)
 rewrite nhl/pbp/rds/play_by_play_2023.rds (65%)
 rewrite nhl/player_box/csv/player_box_2023.csv.gz (93%)
 rewrite nhl/player_box/parquet/player_box_2023.parquet (93%)
 rewrite nhl/player_box/qs/player_box_2023.qs (96%)
 rewrite nhl/player_box/rds/player_box_2023.rds (95%)
 rewrite nhl/rosters/csv/rosters_2023.csv.gz (99%)
 rewrite nhl/rosters/parquet/rosters_2023.parquet (81%)
 rewrite nhl/rosters/qs/rosters_2023.qs (99%)
 rewrite nhl/rosters/rds/rosters_2023.rds (99%)
 rewrite nhl/schedules/parquet/nhl_schedule_2023.parquet (70%)
 rewrite nhl/schedules/qs/nhl_schedule_2023.qs (99%)
 rewrite nhl/schedules/rds/nhl_schedule_2023.rds (100%)
 rewrite nhl/team_box/csv/team_box_2023.csv.gz (98%)
 rewrite nhl/team_box/parquet/team_box_2023.parquet (78%)
 rewrite nhl/team_box/qs/team_box_2023.qs (99%)
 rewrite nhl/team_box/rds/team_box_2023.rds (100%)
 rewrite nhl_schedule_master.qs (90%)
Already up to date.
